<?xml version="1.0" encoding="UTF-8"?>
<testng-results ignored="0" total="1" passed="1" failed="0" skipped="0">
  <reporter-output>
  </reporter-output>
  <suite started-at="2024-12-11T22:33:53 GMT" name="Suite" finished-at="2024-12-11T22:33:53 GMT" duration-ms="62">
    <groups>
    </groups>
    <test started-at="2024-12-11T22:33:53 GMT" name="Test" finished-at="2024-12-11T22:33:53 GMT" duration-ms="62">
      <class name="test.day1">
        <test-method signature="Demo()[pri:0, instance:test.day1@942a29c]" started-at="2024-12-11T22:33:53 GMT" name="Demo" finished-at="2024-12-11T22:33:53 GMT" duration-ms="11" status="PASS">
          <reporter-output>
          </reporter-output>
        </test-method> <!-- Demo -->
      </class> <!-- test.day1 -->
    </test> <!-- Test -->
  </suite> <!-- Suite -->
</testng-results>
